mode: set
github.com/harvester/kubeovn-operator/api/v1/configuration_types.go:309.13,311.2 1 0
github.com/harvester/kubeovn-operator/api/v1/zz_generated.deepcopy.go:29.55,31.2 1 0
github.com/harvester/kubeovn-operator/api/v1/zz_generated.deepcopy.go:34.48,35.15 1 0
github.com/harvester/kubeovn-operator/api/v1/zz_generated.deepcopy.go:35.15,37.3 1 0
github.com/harvester/kubeovn-operator/api/v1/zz_generated.deepcopy.go:38.2,40.12 3 0
github.com/harvester/kubeovn-operator/api/v1/zz_generated.deepcopy.go:44.53,48.2 3 0
github.com/harvester/kubeovn-operator/api/v1/zz_generated.deepcopy.go:51.46,52.15 1 0
github.com/harvester/kubeovn-operator/api/v1/zz_generated.deepcopy.go:52.15,54.3 1 0
github.com/harvester/kubeovn-operator/api/v1/zz_generated.deepcopy.go:55.2,57.12 3 0
github.com/harvester/kubeovn-operator/api/v1/zz_generated.deepcopy.go:61.59,63.2 1 0
github.com/harvester/kubeovn-operator/api/v1/zz_generated.deepcopy.go:66.52,67.15 1 0
github.com/harvester/kubeovn-operator/api/v1/zz_generated.deepcopy.go:67.15,69.3 1 0
github.com/harvester/kubeovn-operator/api/v1/zz_generated.deepcopy.go:70.2,72.12 3 0
github.com/harvester/kubeovn-operator/api/v1/zz_generated.deepcopy.go:76.59,82.2 5 0
github.com/harvester/kubeovn-operator/api/v1/zz_generated.deepcopy.go:85.52,86.15 1 0
github.com/harvester/kubeovn-operator/api/v1/zz_generated.deepcopy.go:86.15,88.3 1 0
github.com/harvester/kubeovn-operator/api/v1/zz_generated.deepcopy.go:89.2,91.12 3 0
github.com/harvester/kubeovn-operator/api/v1/zz_generated.deepcopy.go:95.58,96.34 1 0
github.com/harvester/kubeovn-operator/api/v1/zz_generated.deepcopy.go:96.34,98.3 1 0
github.com/harvester/kubeovn-operator/api/v1/zz_generated.deepcopy.go:99.2,99.12 1 0
github.com/harvester/kubeovn-operator/api/v1/zz_generated.deepcopy.go:103.67,107.21 4 0
github.com/harvester/kubeovn-operator/api/v1/zz_generated.deepcopy.go:107.21,110.22 3 0
github.com/harvester/kubeovn-operator/api/v1/zz_generated.deepcopy.go:110.22,112.4 1 0
github.com/harvester/kubeovn-operator/api/v1/zz_generated.deepcopy.go:117.60,118.15 1 0
github.com/harvester/kubeovn-operator/api/v1/zz_generated.deepcopy.go:118.15,120.3 1 0
github.com/harvester/kubeovn-operator/api/v1/zz_generated.deepcopy.go:121.2,123.12 3 0
github.com/harvester/kubeovn-operator/api/v1/zz_generated.deepcopy.go:127.62,128.34 1 0
github.com/harvester/kubeovn-operator/api/v1/zz_generated.deepcopy.go:128.34,130.3 1 0
github.com/harvester/kubeovn-operator/api/v1/zz_generated.deepcopy.go:131.2,131.12 1 0
github.com/harvester/kubeovn-operator/api/v1/zz_generated.deepcopy.go:135.67,157.2 21 0
github.com/harvester/kubeovn-operator/api/v1/zz_generated.deepcopy.go:160.60,161.15 1 0
github.com/harvester/kubeovn-operator/api/v1/zz_generated.deepcopy.go:161.15,163.3 1 0
github.com/harvester/kubeovn-operator/api/v1/zz_generated.deepcopy.go:164.2,166.12 3 0
github.com/harvester/kubeovn-operator/api/v1/zz_generated.deepcopy.go:170.71,172.37 2 0
github.com/harvester/kubeovn-operator/api/v1/zz_generated.deepcopy.go:172.37,176.3 3 0
github.com/harvester/kubeovn-operator/api/v1/zz_generated.deepcopy.go:177.2,177.26 1 0
github.com/harvester/kubeovn-operator/api/v1/zz_generated.deepcopy.go:177.26,180.22 3 0
github.com/harvester/kubeovn-operator/api/v1/zz_generated.deepcopy.go:180.22,182.4 1 0
github.com/harvester/kubeovn-operator/api/v1/zz_generated.deepcopy.go:187.64,188.15 1 0
github.com/harvester/kubeovn-operator/api/v1/zz_generated.deepcopy.go:188.15,190.3 1 0
github.com/harvester/kubeovn-operator/api/v1/zz_generated.deepcopy.go:191.2,193.12 3 0
github.com/harvester/kubeovn-operator/api/v1/zz_generated.deepcopy.go:197.51,199.2 1 0
github.com/harvester/kubeovn-operator/api/v1/zz_generated.deepcopy.go:202.44,203.15 1 0
github.com/harvester/kubeovn-operator/api/v1/zz_generated.deepcopy.go:203.15,205.3 1 0
github.com/harvester/kubeovn-operator/api/v1/zz_generated.deepcopy.go:206.2,208.12 3 0
github.com/harvester/kubeovn-operator/api/v1/zz_generated.deepcopy.go:212.53,215.2 2 0
github.com/harvester/kubeovn-operator/api/v1/zz_generated.deepcopy.go:218.46,219.15 1 0
github.com/harvester/kubeovn-operator/api/v1/zz_generated.deepcopy.go:219.15,221.3 1 0
github.com/harvester/kubeovn-operator/api/v1/zz_generated.deepcopy.go:222.2,224.12 3 0
github.com/harvester/kubeovn-operator/api/v1/zz_generated.deepcopy.go:228.57,230.2 1 0
github.com/harvester/kubeovn-operator/api/v1/zz_generated.deepcopy.go:233.50,234.15 1 0
github.com/harvester/kubeovn-operator/api/v1/zz_generated.deepcopy.go:234.15,236.3 1 0
github.com/harvester/kubeovn-operator/api/v1/zz_generated.deepcopy.go:237.2,239.12 3 0
github.com/harvester/kubeovn-operator/api/v1/zz_generated.deepcopy.go:243.67,245.2 1 0
github.com/harvester/kubeovn-operator/api/v1/zz_generated.deepcopy.go:248.60,249.15 1 0
github.com/harvester/kubeovn-operator/api/v1/zz_generated.deepcopy.go:249.15,251.3 1 0
github.com/harvester/kubeovn-operator/api/v1/zz_generated.deepcopy.go:252.2,254.12 3 0
github.com/harvester/kubeovn-operator/api/v1/zz_generated.deepcopy.go:258.59,260.2 1 0
github.com/harvester/kubeovn-operator/api/v1/zz_generated.deepcopy.go:263.52,264.15 1 0
github.com/harvester/kubeovn-operator/api/v1/zz_generated.deepcopy.go:264.15,266.3 1 0
github.com/harvester/kubeovn-operator/api/v1/zz_generated.deepcopy.go:267.2,269.12 3 0
github.com/harvester/kubeovn-operator/api/v1/zz_generated.deepcopy.go:273.65,275.2 1 0
github.com/harvester/kubeovn-operator/api/v1/zz_generated.deepcopy.go:278.58,279.15 1 0
github.com/harvester/kubeovn-operator/api/v1/zz_generated.deepcopy.go:279.15,281.3 1 0
github.com/harvester/kubeovn-operator/api/v1/zz_generated.deepcopy.go:282.2,284.12 3 0
github.com/harvester/kubeovn-operator/api/v1/zz_generated.deepcopy.go:288.61,291.2 2 0
github.com/harvester/kubeovn-operator/api/v1/zz_generated.deepcopy.go:294.54,295.15 1 0
github.com/harvester/kubeovn-operator/api/v1/zz_generated.deepcopy.go:295.15,297.3 1 0
github.com/harvester/kubeovn-operator/api/v1/zz_generated.deepcopy.go:298.2,300.12 3 0
github.com/harvester/kubeovn-operator/api/v1/zz_generated.deepcopy.go:304.63,306.2 1 0
github.com/harvester/kubeovn-operator/api/v1/zz_generated.deepcopy.go:309.56,310.15 1 0
github.com/harvester/kubeovn-operator/api/v1/zz_generated.deepcopy.go:310.15,312.3 1 0
github.com/harvester/kubeovn-operator/api/v1/zz_generated.deepcopy.go:313.2,315.12 3 0
github.com/harvester/kubeovn-operator/api/v1/zz_generated.deepcopy.go:319.57,321.32 2 0
github.com/harvester/kubeovn-operator/api/v1/zz_generated.deepcopy.go:321.32,325.3 3 0
github.com/harvester/kubeovn-operator/api/v1/zz_generated.deepcopy.go:326.2,326.24 1 0
github.com/harvester/kubeovn-operator/api/v1/zz_generated.deepcopy.go:330.50,331.15 1 0
github.com/harvester/kubeovn-operator/api/v1/zz_generated.deepcopy.go:331.15,333.3 1 0
github.com/harvester/kubeovn-operator/api/v1/zz_generated.deepcopy.go:334.2,336.12 3 0
github.com/harvester/kubeovn-operator/api/v1/zz_generated.deepcopy.go:340.57,344.2 3 0
github.com/harvester/kubeovn-operator/api/v1/zz_generated.deepcopy.go:347.50,348.15 1 0
github.com/harvester/kubeovn-operator/api/v1/zz_generated.deepcopy.go:348.15,350.3 1 0
github.com/harvester/kubeovn-operator/api/v1/zz_generated.deepcopy.go:351.2,353.12 3 0
github.com/harvester/kubeovn-operator/api/v1/zz_generated.deepcopy.go:357.49,359.2 1 0
github.com/harvester/kubeovn-operator/api/v1/zz_generated.deepcopy.go:362.42,363.15 1 0
github.com/harvester/kubeovn-operator/api/v1/zz_generated.deepcopy.go:363.15,365.3 1 0
github.com/harvester/kubeovn-operator/api/v1/zz_generated.deepcopy.go:366.2,368.12 3 0
github.com/harvester/kubeovn-operator/cmd/main.go:50.13,55.2 2 0
github.com/harvester/kubeovn-operator/cmd/main.go:58.13,98.38 24 0
github.com/harvester/kubeovn-operator/cmd/main.go:98.38,101.3 2 0
github.com/harvester/kubeovn-operator/cmd/main.go:103.2,103.18 1 0
github.com/harvester/kubeovn-operator/cmd/main.go:103.18,105.3 1 0
github.com/harvester/kubeovn-operator/cmd/main.go:108.2,113.30 3 0
github.com/harvester/kubeovn-operator/cmd/main.go:113.30,122.17 4 0
github.com/harvester/kubeovn-operator/cmd/main.go:122.17,125.4 2 0
github.com/harvester/kubeovn-operator/cmd/main.go:127.3,127.68 1 0
github.com/harvester/kubeovn-operator/cmd/main.go:127.68,129.4 1 0
github.com/harvester/kubeovn-operator/cmd/main.go:132.2,146.19 3 0
github.com/harvester/kubeovn-operator/cmd/main.go:146.19,152.3 1 0
github.com/harvester/kubeovn-operator/cmd/main.go:162.2,162.30 1 0
github.com/harvester/kubeovn-operator/cmd/main.go:162.30,171.17 4 0
github.com/harvester/kubeovn-operator/cmd/main.go:171.17,174.4 2 0
github.com/harvester/kubeovn-operator/cmd/main.go:176.3,176.96 1 0
github.com/harvester/kubeovn-operator/cmd/main.go:176.96,178.4 1 0
github.com/harvester/kubeovn-operator/cmd/main.go:181.2,200.16 2 0
github.com/harvester/kubeovn-operator/cmd/main.go:200.16,203.3 2 0
github.com/harvester/kubeovn-operator/cmd/main.go:205.2,208.39 1 0
github.com/harvester/kubeovn-operator/cmd/main.go:208.39,211.3 2 0
github.com/harvester/kubeovn-operator/cmd/main.go:214.2,214.31 1 0
github.com/harvester/kubeovn-operator/cmd/main.go:214.31,216.53 2 0
github.com/harvester/kubeovn-operator/cmd/main.go:216.53,219.4 2 0
github.com/harvester/kubeovn-operator/cmd/main.go:222.2,222.31 1 0
github.com/harvester/kubeovn-operator/cmd/main.go:222.31,224.53 2 0
github.com/harvester/kubeovn-operator/cmd/main.go:224.53,227.4 2 0
github.com/harvester/kubeovn-operator/cmd/main.go:230.2,230.69 1 0
github.com/harvester/kubeovn-operator/cmd/main.go:230.69,233.3 2 0
github.com/harvester/kubeovn-operator/cmd/main.go:234.2,234.67 1 0
github.com/harvester/kubeovn-operator/cmd/main.go:234.67,237.3 2 0
github.com/harvester/kubeovn-operator/cmd/main.go:239.2,240.61 2 0
github.com/harvester/kubeovn-operator/cmd/main.go:240.61,243.3 2 0
github.com/harvester/kubeovn-operator/test/utils/utils.go:39.27,41.2 1 0
github.com/harvester/kubeovn-operator/test/utils/utils.go:44.41,48.42 3 0
github.com/harvester/kubeovn-operator/test/utils/utils.go:48.42,50.3 1 0
github.com/harvester/kubeovn-operator/test/utils/utils.go:52.2,56.16 5 0
github.com/harvester/kubeovn-operator/test/utils/utils.go:56.16,58.3 1 0
github.com/harvester/kubeovn-operator/test/utils/utils.go:60.2,60.28 1 0
github.com/harvester/kubeovn-operator/test/utils/utils.go:64.40,69.2 4 0
github.com/harvester/kubeovn-operator/test/utils/utils.go:72.36,75.36 3 0
github.com/harvester/kubeovn-operator/test/utils/utils.go:75.36,77.3 1 0
github.com/harvester/kubeovn-operator/test/utils/utils.go:82.39,92.16 4 0
github.com/harvester/kubeovn-operator/test/utils/utils.go:92.16,94.3 1 0
github.com/harvester/kubeovn-operator/test/utils/utils.go:95.2,96.37 2 0
github.com/harvester/kubeovn-operator/test/utils/utils.go:96.37,97.32 1 0
github.com/harvester/kubeovn-operator/test/utils/utils.go:97.32,98.35 1 0
github.com/harvester/kubeovn-operator/test/utils/utils.go:98.35,100.5 1 0
github.com/harvester/kubeovn-operator/test/utils/utils.go:104.2,104.14 1 0
github.com/harvester/kubeovn-operator/test/utils/utils.go:108.29,111.36 3 0
github.com/harvester/kubeovn-operator/test/utils/utils.go:111.36,113.3 1 0
github.com/harvester/kubeovn-operator/test/utils/utils.go:117.33,120.36 3 0
github.com/harvester/kubeovn-operator/test/utils/utils.go:120.36,122.3 1 0
github.com/harvester/kubeovn-operator/test/utils/utils.go:125.2,132.12 3 0
github.com/harvester/kubeovn-operator/test/utils/utils.go:137.40,151.16 4 0
github.com/harvester/kubeovn-operator/test/utils/utils.go:151.16,153.3 1 0
github.com/harvester/kubeovn-operator/test/utils/utils.go:156.2,157.38 2 0
github.com/harvester/kubeovn-operator/test/utils/utils.go:157.38,158.32 1 0
github.com/harvester/kubeovn-operator/test/utils/utils.go:158.32,159.35 1 0
github.com/harvester/kubeovn-operator/test/utils/utils.go:159.35,161.5 1 0
github.com/harvester/kubeovn-operator/test/utils/utils.go:165.2,165.14 1 0
github.com/harvester/kubeovn-operator/test/utils/utils.go:169.56,171.47 2 0
github.com/harvester/kubeovn-operator/test/utils/utils.go:171.47,173.3 1 0
github.com/harvester/kubeovn-operator/test/utils/utils.go:174.2,177.12 4 0
github.com/harvester/kubeovn-operator/test/utils/utils.go:182.47,185.35 3 0
github.com/harvester/kubeovn-operator/test/utils/utils.go:185.35,186.20 1 0
github.com/harvester/kubeovn-operator/test/utils/utils.go:186.20,188.4 1 0
github.com/harvester/kubeovn-operator/test/utils/utils.go:191.2,191.12 1 0
github.com/harvester/kubeovn-operator/test/utils/utils.go:195.38,197.16 2 0
github.com/harvester/kubeovn-operator/test/utils/utils.go:197.16,199.3 1 0
github.com/harvester/kubeovn-operator/test/utils/utils.go:200.2,201.16 2 0
github.com/harvester/kubeovn-operator/test/utils/utils.go:206.59,210.16 2 0
github.com/harvester/kubeovn-operator/test/utils/utils.go:210.16,212.3 1 0
github.com/harvester/kubeovn-operator/test/utils/utils.go:213.2,216.13 3 0
github.com/harvester/kubeovn-operator/test/utils/utils.go:216.13,218.3 1 0
github.com/harvester/kubeovn-operator/test/utils/utils.go:220.2,222.16 3 0
github.com/harvester/kubeovn-operator/test/utils/utils.go:222.16,224.3 1 0
github.com/harvester/kubeovn-operator/test/utils/utils.go:226.2,227.21 2 0
github.com/harvester/kubeovn-operator/test/utils/utils.go:227.21,229.3 1 0
github.com/harvester/kubeovn-operator/test/utils/utils.go:230.2,230.6 1 0
github.com/harvester/kubeovn-operator/test/utils/utils.go:230.6,232.17 2 0
github.com/harvester/kubeovn-operator/test/utils/utils.go:232.17,234.4 1 0
github.com/harvester/kubeovn-operator/test/utils/utils.go:236.3,236.22 1 0
github.com/harvester/kubeovn-operator/test/utils/utils.go:236.22,237.9 1 0
github.com/harvester/kubeovn-operator/test/utils/utils.go:239.3,239.50 1 0
github.com/harvester/kubeovn-operator/test/utils/utils.go:239.50,241.4 1 0
github.com/harvester/kubeovn-operator/test/utils/utils.go:244.2,245.16 2 0
github.com/harvester/kubeovn-operator/test/utils/utils.go:245.16,247.3 1 0
github.com/harvester/kubeovn-operator/test/utils/utils.go:250.2,250.50 1 0
github.com/harvester/kubeovn-operator/api/v1/configuration_types.go:309.13,311.2 1 1
github.com/harvester/kubeovn-operator/api/v1/zz_generated.deepcopy.go:29.55,31.2 1 0
github.com/harvester/kubeovn-operator/api/v1/zz_generated.deepcopy.go:34.48,35.15 1 0
github.com/harvester/kubeovn-operator/api/v1/zz_generated.deepcopy.go:35.15,37.3 1 0
github.com/harvester/kubeovn-operator/api/v1/zz_generated.deepcopy.go:38.2,40.12 3 0
github.com/harvester/kubeovn-operator/api/v1/zz_generated.deepcopy.go:44.53,48.2 3 0
github.com/harvester/kubeovn-operator/api/v1/zz_generated.deepcopy.go:51.46,52.15 1 0
github.com/harvester/kubeovn-operator/api/v1/zz_generated.deepcopy.go:52.15,54.3 1 0
github.com/harvester/kubeovn-operator/api/v1/zz_generated.deepcopy.go:55.2,57.12 3 0
github.com/harvester/kubeovn-operator/api/v1/zz_generated.deepcopy.go:61.59,63.2 1 0
github.com/harvester/kubeovn-operator/api/v1/zz_generated.deepcopy.go:66.52,67.15 1 0
github.com/harvester/kubeovn-operator/api/v1/zz_generated.deepcopy.go:67.15,69.3 1 0
github.com/harvester/kubeovn-operator/api/v1/zz_generated.deepcopy.go:70.2,72.12 3 0
github.com/harvester/kubeovn-operator/api/v1/zz_generated.deepcopy.go:76.59,82.2 5 0
github.com/harvester/kubeovn-operator/api/v1/zz_generated.deepcopy.go:85.52,86.15 1 0
github.com/harvester/kubeovn-operator/api/v1/zz_generated.deepcopy.go:86.15,88.3 1 0
github.com/harvester/kubeovn-operator/api/v1/zz_generated.deepcopy.go:89.2,91.12 3 0
github.com/harvester/kubeovn-operator/api/v1/zz_generated.deepcopy.go:95.58,96.34 1 0
github.com/harvester/kubeovn-operator/api/v1/zz_generated.deepcopy.go:96.34,98.3 1 0
github.com/harvester/kubeovn-operator/api/v1/zz_generated.deepcopy.go:99.2,99.12 1 0
github.com/harvester/kubeovn-operator/api/v1/zz_generated.deepcopy.go:103.67,107.21 4 0
github.com/harvester/kubeovn-operator/api/v1/zz_generated.deepcopy.go:107.21,110.22 3 0
github.com/harvester/kubeovn-operator/api/v1/zz_generated.deepcopy.go:110.22,112.4 1 0
github.com/harvester/kubeovn-operator/api/v1/zz_generated.deepcopy.go:117.60,118.15 1 0
github.com/harvester/kubeovn-operator/api/v1/zz_generated.deepcopy.go:118.15,120.3 1 0
github.com/harvester/kubeovn-operator/api/v1/zz_generated.deepcopy.go:121.2,123.12 3 0
github.com/harvester/kubeovn-operator/api/v1/zz_generated.deepcopy.go:127.62,128.34 1 0
github.com/harvester/kubeovn-operator/api/v1/zz_generated.deepcopy.go:128.34,130.3 1 0
github.com/harvester/kubeovn-operator/api/v1/zz_generated.deepcopy.go:131.2,131.12 1 0
github.com/harvester/kubeovn-operator/api/v1/zz_generated.deepcopy.go:135.67,157.2 21 0
github.com/harvester/kubeovn-operator/api/v1/zz_generated.deepcopy.go:160.60,161.15 1 0
github.com/harvester/kubeovn-operator/api/v1/zz_generated.deepcopy.go:161.15,163.3 1 0
github.com/harvester/kubeovn-operator/api/v1/zz_generated.deepcopy.go:164.2,166.12 3 0
github.com/harvester/kubeovn-operator/api/v1/zz_generated.deepcopy.go:170.71,172.37 2 0
github.com/harvester/kubeovn-operator/api/v1/zz_generated.deepcopy.go:172.37,176.3 3 0
github.com/harvester/kubeovn-operator/api/v1/zz_generated.deepcopy.go:177.2,177.26 1 0
github.com/harvester/kubeovn-operator/api/v1/zz_generated.deepcopy.go:177.26,180.22 3 0
github.com/harvester/kubeovn-operator/api/v1/zz_generated.deepcopy.go:180.22,182.4 1 0
github.com/harvester/kubeovn-operator/api/v1/zz_generated.deepcopy.go:187.64,188.15 1 0
github.com/harvester/kubeovn-operator/api/v1/zz_generated.deepcopy.go:188.15,190.3 1 0
github.com/harvester/kubeovn-operator/api/v1/zz_generated.deepcopy.go:191.2,193.12 3 0
github.com/harvester/kubeovn-operator/api/v1/zz_generated.deepcopy.go:197.51,199.2 1 0
github.com/harvester/kubeovn-operator/api/v1/zz_generated.deepcopy.go:202.44,203.15 1 0
github.com/harvester/kubeovn-operator/api/v1/zz_generated.deepcopy.go:203.15,205.3 1 0
github.com/harvester/kubeovn-operator/api/v1/zz_generated.deepcopy.go:206.2,208.12 3 0
github.com/harvester/kubeovn-operator/api/v1/zz_generated.deepcopy.go:212.53,215.2 2 0
github.com/harvester/kubeovn-operator/api/v1/zz_generated.deepcopy.go:218.46,219.15 1 0
github.com/harvester/kubeovn-operator/api/v1/zz_generated.deepcopy.go:219.15,221.3 1 0
github.com/harvester/kubeovn-operator/api/v1/zz_generated.deepcopy.go:222.2,224.12 3 0
github.com/harvester/kubeovn-operator/api/v1/zz_generated.deepcopy.go:228.57,230.2 1 0
github.com/harvester/kubeovn-operator/api/v1/zz_generated.deepcopy.go:233.50,234.15 1 0
github.com/harvester/kubeovn-operator/api/v1/zz_generated.deepcopy.go:234.15,236.3 1 0
github.com/harvester/kubeovn-operator/api/v1/zz_generated.deepcopy.go:237.2,239.12 3 0
github.com/harvester/kubeovn-operator/api/v1/zz_generated.deepcopy.go:243.67,245.2 1 0
github.com/harvester/kubeovn-operator/api/v1/zz_generated.deepcopy.go:248.60,249.15 1 0
github.com/harvester/kubeovn-operator/api/v1/zz_generated.deepcopy.go:249.15,251.3 1 0
github.com/harvester/kubeovn-operator/api/v1/zz_generated.deepcopy.go:252.2,254.12 3 0
github.com/harvester/kubeovn-operator/api/v1/zz_generated.deepcopy.go:258.59,260.2 1 0
github.com/harvester/kubeovn-operator/api/v1/zz_generated.deepcopy.go:263.52,264.15 1 0
github.com/harvester/kubeovn-operator/api/v1/zz_generated.deepcopy.go:264.15,266.3 1 0
github.com/harvester/kubeovn-operator/api/v1/zz_generated.deepcopy.go:267.2,269.12 3 0
github.com/harvester/kubeovn-operator/api/v1/zz_generated.deepcopy.go:273.65,275.2 1 0
github.com/harvester/kubeovn-operator/api/v1/zz_generated.deepcopy.go:278.58,279.15 1 0
github.com/harvester/kubeovn-operator/api/v1/zz_generated.deepcopy.go:279.15,281.3 1 0
github.com/harvester/kubeovn-operator/api/v1/zz_generated.deepcopy.go:282.2,284.12 3 0
github.com/harvester/kubeovn-operator/api/v1/zz_generated.deepcopy.go:288.61,291.2 2 0
github.com/harvester/kubeovn-operator/api/v1/zz_generated.deepcopy.go:294.54,295.15 1 0
github.com/harvester/kubeovn-operator/api/v1/zz_generated.deepcopy.go:295.15,297.3 1 0
github.com/harvester/kubeovn-operator/api/v1/zz_generated.deepcopy.go:298.2,300.12 3 0
github.com/harvester/kubeovn-operator/api/v1/zz_generated.deepcopy.go:304.63,306.2 1 0
github.com/harvester/kubeovn-operator/api/v1/zz_generated.deepcopy.go:309.56,310.15 1 0
github.com/harvester/kubeovn-operator/api/v1/zz_generated.deepcopy.go:310.15,312.3 1 0
github.com/harvester/kubeovn-operator/api/v1/zz_generated.deepcopy.go:313.2,315.12 3 0
github.com/harvester/kubeovn-operator/api/v1/zz_generated.deepcopy.go:319.57,321.32 2 0
github.com/harvester/kubeovn-operator/api/v1/zz_generated.deepcopy.go:321.32,325.3 3 0
github.com/harvester/kubeovn-operator/api/v1/zz_generated.deepcopy.go:326.2,326.24 1 0
github.com/harvester/kubeovn-operator/api/v1/zz_generated.deepcopy.go:330.50,331.15 1 0
github.com/harvester/kubeovn-operator/api/v1/zz_generated.deepcopy.go:331.15,333.3 1 0
github.com/harvester/kubeovn-operator/api/v1/zz_generated.deepcopy.go:334.2,336.12 3 0
github.com/harvester/kubeovn-operator/api/v1/zz_generated.deepcopy.go:340.57,344.2 3 0
github.com/harvester/kubeovn-operator/api/v1/zz_generated.deepcopy.go:347.50,348.15 1 0
github.com/harvester/kubeovn-operator/api/v1/zz_generated.deepcopy.go:348.15,350.3 1 0
github.com/harvester/kubeovn-operator/api/v1/zz_generated.deepcopy.go:351.2,353.12 3 0
github.com/harvester/kubeovn-operator/api/v1/zz_generated.deepcopy.go:357.49,359.2 1 0
github.com/harvester/kubeovn-operator/api/v1/zz_generated.deepcopy.go:362.42,363.15 1 0
github.com/harvester/kubeovn-operator/api/v1/zz_generated.deepcopy.go:363.15,365.3 1 0
github.com/harvester/kubeovn-operator/api/v1/zz_generated.deepcopy.go:366.2,368.12 3 0
github.com/harvester/kubeovn-operator/internal/render/render.go:21.126,25.16 3 1
github.com/harvester/kubeovn-operator/internal/render/render.go:25.16,27.3 1 0
github.com/harvester/kubeovn-operator/internal/render/render.go:28.2,28.43 1 1
github.com/harvester/kubeovn-operator/internal/render/render.go:28.43,30.17 2 1
github.com/harvester/kubeovn-operator/internal/render/render.go:30.17,32.4 1 0
github.com/harvester/kubeovn-operator/internal/render/render.go:33.3,33.60 1 1
github.com/harvester/kubeovn-operator/internal/render/render.go:35.2,35.29 1 1
github.com/harvester/kubeovn-operator/internal/render/render.go:38.114,42.16 4 1
github.com/harvester/kubeovn-operator/internal/render/render.go:42.16,44.3 1 0
github.com/harvester/kubeovn-operator/internal/render/render.go:46.2,47.20 2 1
github.com/harvester/kubeovn-operator/internal/render/render.go:51.87,54.16 3 1
github.com/harvester/kubeovn-operator/internal/render/render.go:54.16,56.3 1 0
github.com/harvester/kubeovn-operator/internal/render/render.go:58.2,60.23 3 1
github.com/harvester/kubeovn-operator/api/v1/configuration_types.go:309.13,311.2 1 1
github.com/harvester/kubeovn-operator/api/v1/zz_generated.deepcopy.go:29.55,31.2 1 0
github.com/harvester/kubeovn-operator/api/v1/zz_generated.deepcopy.go:34.48,35.15 1 0
github.com/harvester/kubeovn-operator/api/v1/zz_generated.deepcopy.go:35.15,37.3 1 0
github.com/harvester/kubeovn-operator/api/v1/zz_generated.deepcopy.go:38.2,40.12 3 0
github.com/harvester/kubeovn-operator/api/v1/zz_generated.deepcopy.go:44.53,48.2 3 0
github.com/harvester/kubeovn-operator/api/v1/zz_generated.deepcopy.go:51.46,52.15 1 0
github.com/harvester/kubeovn-operator/api/v1/zz_generated.deepcopy.go:52.15,54.3 1 0
github.com/harvester/kubeovn-operator/api/v1/zz_generated.deepcopy.go:55.2,57.12 3 0
github.com/harvester/kubeovn-operator/api/v1/zz_generated.deepcopy.go:61.59,63.2 1 0
github.com/harvester/kubeovn-operator/api/v1/zz_generated.deepcopy.go:66.52,67.15 1 0
github.com/harvester/kubeovn-operator/api/v1/zz_generated.deepcopy.go:67.15,69.3 1 0
github.com/harvester/kubeovn-operator/api/v1/zz_generated.deepcopy.go:70.2,72.12 3 0
github.com/harvester/kubeovn-operator/api/v1/zz_generated.deepcopy.go:76.59,82.2 5 0
github.com/harvester/kubeovn-operator/api/v1/zz_generated.deepcopy.go:85.52,86.15 1 0
github.com/harvester/kubeovn-operator/api/v1/zz_generated.deepcopy.go:86.15,88.3 1 0
github.com/harvester/kubeovn-operator/api/v1/zz_generated.deepcopy.go:89.2,91.12 3 0
github.com/harvester/kubeovn-operator/api/v1/zz_generated.deepcopy.go:95.58,96.34 1 0
github.com/harvester/kubeovn-operator/api/v1/zz_generated.deepcopy.go:96.34,98.3 1 0
github.com/harvester/kubeovn-operator/api/v1/zz_generated.deepcopy.go:99.2,99.12 1 0
github.com/harvester/kubeovn-operator/api/v1/zz_generated.deepcopy.go:103.67,107.21 4 0
github.com/harvester/kubeovn-operator/api/v1/zz_generated.deepcopy.go:107.21,110.22 3 0
github.com/harvester/kubeovn-operator/api/v1/zz_generated.deepcopy.go:110.22,112.4 1 0
github.com/harvester/kubeovn-operator/api/v1/zz_generated.deepcopy.go:117.60,118.15 1 0
github.com/harvester/kubeovn-operator/api/v1/zz_generated.deepcopy.go:118.15,120.3 1 0
github.com/harvester/kubeovn-operator/api/v1/zz_generated.deepcopy.go:121.2,123.12 3 0
github.com/harvester/kubeovn-operator/api/v1/zz_generated.deepcopy.go:127.62,128.34 1 0
github.com/harvester/kubeovn-operator/api/v1/zz_generated.deepcopy.go:128.34,130.3 1 0
github.com/harvester/kubeovn-operator/api/v1/zz_generated.deepcopy.go:131.2,131.12 1 0
github.com/harvester/kubeovn-operator/api/v1/zz_generated.deepcopy.go:135.67,157.2 21 0
github.com/harvester/kubeovn-operator/api/v1/zz_generated.deepcopy.go:160.60,161.15 1 0
github.com/harvester/kubeovn-operator/api/v1/zz_generated.deepcopy.go:161.15,163.3 1 0
github.com/harvester/kubeovn-operator/api/v1/zz_generated.deepcopy.go:164.2,166.12 3 0
github.com/harvester/kubeovn-operator/api/v1/zz_generated.deepcopy.go:170.71,172.37 2 0
github.com/harvester/kubeovn-operator/api/v1/zz_generated.deepcopy.go:172.37,176.3 3 0
github.com/harvester/kubeovn-operator/api/v1/zz_generated.deepcopy.go:177.2,177.26 1 0
github.com/harvester/kubeovn-operator/api/v1/zz_generated.deepcopy.go:177.26,180.22 3 0
github.com/harvester/kubeovn-operator/api/v1/zz_generated.deepcopy.go:180.22,182.4 1 0
github.com/harvester/kubeovn-operator/api/v1/zz_generated.deepcopy.go:187.64,188.15 1 0
github.com/harvester/kubeovn-operator/api/v1/zz_generated.deepcopy.go:188.15,190.3 1 0
github.com/harvester/kubeovn-operator/api/v1/zz_generated.deepcopy.go:191.2,193.12 3 0
github.com/harvester/kubeovn-operator/api/v1/zz_generated.deepcopy.go:197.51,199.2 1 0
github.com/harvester/kubeovn-operator/api/v1/zz_generated.deepcopy.go:202.44,203.15 1 0
github.com/harvester/kubeovn-operator/api/v1/zz_generated.deepcopy.go:203.15,205.3 1 0
github.com/harvester/kubeovn-operator/api/v1/zz_generated.deepcopy.go:206.2,208.12 3 0
github.com/harvester/kubeovn-operator/api/v1/zz_generated.deepcopy.go:212.53,215.2 2 0
github.com/harvester/kubeovn-operator/api/v1/zz_generated.deepcopy.go:218.46,219.15 1 0
github.com/harvester/kubeovn-operator/api/v1/zz_generated.deepcopy.go:219.15,221.3 1 0
github.com/harvester/kubeovn-operator/api/v1/zz_generated.deepcopy.go:222.2,224.12 3 0
github.com/harvester/kubeovn-operator/api/v1/zz_generated.deepcopy.go:228.57,230.2 1 0
github.com/harvester/kubeovn-operator/api/v1/zz_generated.deepcopy.go:233.50,234.15 1 0
github.com/harvester/kubeovn-operator/api/v1/zz_generated.deepcopy.go:234.15,236.3 1 0
github.com/harvester/kubeovn-operator/api/v1/zz_generated.deepcopy.go:237.2,239.12 3 0
github.com/harvester/kubeovn-operator/api/v1/zz_generated.deepcopy.go:243.67,245.2 1 0
github.com/harvester/kubeovn-operator/api/v1/zz_generated.deepcopy.go:248.60,249.15 1 0
github.com/harvester/kubeovn-operator/api/v1/zz_generated.deepcopy.go:249.15,251.3 1 0
github.com/harvester/kubeovn-operator/api/v1/zz_generated.deepcopy.go:252.2,254.12 3 0
github.com/harvester/kubeovn-operator/api/v1/zz_generated.deepcopy.go:258.59,260.2 1 0
github.com/harvester/kubeovn-operator/api/v1/zz_generated.deepcopy.go:263.52,264.15 1 0
github.com/harvester/kubeovn-operator/api/v1/zz_generated.deepcopy.go:264.15,266.3 1 0
github.com/harvester/kubeovn-operator/api/v1/zz_generated.deepcopy.go:267.2,269.12 3 0
github.com/harvester/kubeovn-operator/api/v1/zz_generated.deepcopy.go:273.65,275.2 1 0
github.com/harvester/kubeovn-operator/api/v1/zz_generated.deepcopy.go:278.58,279.15 1 0
github.com/harvester/kubeovn-operator/api/v1/zz_generated.deepcopy.go:279.15,281.3 1 0
github.com/harvester/kubeovn-operator/api/v1/zz_generated.deepcopy.go:282.2,284.12 3 0
github.com/harvester/kubeovn-operator/api/v1/zz_generated.deepcopy.go:288.61,291.2 2 0
github.com/harvester/kubeovn-operator/api/v1/zz_generated.deepcopy.go:294.54,295.15 1 0
github.com/harvester/kubeovn-operator/api/v1/zz_generated.deepcopy.go:295.15,297.3 1 0
github.com/harvester/kubeovn-operator/api/v1/zz_generated.deepcopy.go:298.2,300.12 3 0
github.com/harvester/kubeovn-operator/api/v1/zz_generated.deepcopy.go:304.63,306.2 1 0
github.com/harvester/kubeovn-operator/api/v1/zz_generated.deepcopy.go:309.56,310.15 1 0
github.com/harvester/kubeovn-operator/api/v1/zz_generated.deepcopy.go:310.15,312.3 1 0
github.com/harvester/kubeovn-operator/api/v1/zz_generated.deepcopy.go:313.2,315.12 3 0
github.com/harvester/kubeovn-operator/api/v1/zz_generated.deepcopy.go:319.57,321.32 2 0
github.com/harvester/kubeovn-operator/api/v1/zz_generated.deepcopy.go:321.32,325.3 3 0
github.com/harvester/kubeovn-operator/api/v1/zz_generated.deepcopy.go:326.2,326.24 1 0
github.com/harvester/kubeovn-operator/api/v1/zz_generated.deepcopy.go:330.50,331.15 1 0
github.com/harvester/kubeovn-operator/api/v1/zz_generated.deepcopy.go:331.15,333.3 1 0
github.com/harvester/kubeovn-operator/api/v1/zz_generated.deepcopy.go:334.2,336.12 3 0
github.com/harvester/kubeovn-operator/api/v1/zz_generated.deepcopy.go:340.57,344.2 3 0
github.com/harvester/kubeovn-operator/api/v1/zz_generated.deepcopy.go:347.50,348.15 1 0
github.com/harvester/kubeovn-operator/api/v1/zz_generated.deepcopy.go:348.15,350.3 1 0
github.com/harvester/kubeovn-operator/api/v1/zz_generated.deepcopy.go:351.2,353.12 3 0
github.com/harvester/kubeovn-operator/api/v1/zz_generated.deepcopy.go:357.49,359.2 1 0
github.com/harvester/kubeovn-operator/api/v1/zz_generated.deepcopy.go:362.42,363.15 1 0
github.com/harvester/kubeovn-operator/api/v1/zz_generated.deepcopy.go:363.15,365.3 1 0
github.com/harvester/kubeovn-operator/api/v1/zz_generated.deepcopy.go:366.2,368.12 3 0
github.com/harvester/kubeovn-operator/internal/controller/configuration_controller.go:49.105,55.2 2 1
github.com/harvester/kubeovn-operator/internal/controller/configuration_controller.go:58.76,64.2 1 0
